(node:59882) ExperimentalWarning: SQLite is an experimental feature and might change at any time
(Use `node --trace-warnings ...` to show where the warning was created)
Agenda Familiar ativa na porta 3035
Base de dados: /Users/andrebarroso/Documents/Agenda Familiar/data/agenda.db
Acesso negado para email: smarthomebarroso@gmail.com
Erro na validação do token: Wrong number of segments in token: null
Erro na validação do token: Wrong number of segments in token: null
Erro na validação do token: Wrong number of segments in token: null
Erro na validação do token: Wrong number of segments in token: null
Erro na validação do token: Wrong number of segments in token: null
Erro na validação do token: Wrong number of segments in token: null
Erro na validação do token: Wrong number of segments in token: null
Erro na validação do token: Wrong number of segments in token: null
Erro na validação do token: Wrong number of segments in token: null
Erro na validação do token: Wrong number of segments in token: null
Erro na validação do token: Wrong number of segments in token: null
Erro na validação do token: Wrong number of segments in token: null
Erro na validação do token: Wrong number of segments in token: null
Erro na validação do token: Wrong number of segments in token: null
Erro na validação do token: Wrong number of segments in token: null
Erro na validação do token: Wrong number of segments in token: null
Erro na validação do token: Wrong number of segments in token: null
Erro na validação do token: Wrong number of segments in token: null
Erro na validação do token: Wrong number of segments in token: null
Erro na validação do token: Wrong number of segments in token: null
Erro na validação do token: Wrong number of segments in token: null
Erro na validação do token: Wrong number of segments in token: null
Acesso negado para email: smarthomebarroso@gmail.com
Erro na validação do token: Wrong number of segments in token: abc
Erro na validação do token: Wrong number of segments in token: fake-token
